

Current Time is: 11:29:12-------------------- and Todays Date is: Feb Wed 26


*******************************
Currently logged users name:
asndcy
asninstall
aubcls61
aubcls71
aubcls93
aubjrk
aubkfj
aubsys
aubtxe
ualanv
ualcls13
ualcls14
ualcls15
ualcls18
ualcls22
ualcls29
ualdef
ualdys
ualsxk
usacls07 


******************************


System Uptime:  11:29:13 up 49 days, 19:52, 21 users,  load average: 0.00, 0.02, 0.13


******************************


Current Time is: 12:48:32-------------------- and Todays Date is: Feb Wed 26


*******************************
Currently logged users name:
aubcls20
aubcls61
aubcls72
aubcls93
aubcls98
aublmg
aubmes
aubmgt
aubrrb
uabcls03
uahkxc
uahpxb
ualcls30
ualljq
ualmab
ualprj
ualpss
usaafh
usadxh
usasbh
usatxz 


******************************


System Uptime:  12:48:32 up 70 days, 20:12, 26 users,  load average: 0.35, 0.59, 0.74


******************************
